<?xml version="1.0" encoding="UTF-8"?>
<!-- Generated by org.testng.reporters.JUnitReportReporter -->
<testsuite skipped="2" hostname="Bobs-MBP.fios-router.home" name="com.qa.hubspot.tests.LoginPageTest" tests="5" failures="0" timestamp="2020-05-04T01:13:55 EDT" time="41.680" errors="0">
  <testcase name="verifyLoginPageTitleTest" time="14.992" classname="com.qa.hubspot.tests.LoginPageTest"/>
  <testcase name="verifySignUpLinkTest" time="10.519" classname="com.qa.hubspot.tests.LoginPageTest"/>
  <testcase name="loginTest" time="16.169" classname="com.qa.hubspot.tests.LoginPageTest"/>
  <testcase name="login_InvalidTestCase" classname="com.qa.hubspot.tests.LoginPageTest">
    <skipped/>
  </testcase> <!-- login_InvalidTestCase -->
  <testcase name="login_InvalidTestCase" classname="com.qa.hubspot.tests.LoginPageTest">
    <skipped/>
  </testcase> <!-- login_InvalidTestCase -->
</testsuite> <!-- com.qa.hubspot.tests.LoginPageTest -->
